[2018-09-23 17:00:18] START
[2018-09-28 17:01:47] EDIT tcc_v1/models/db.py: 0
[2018-10-08 17:32:54] EDIT tcc_v1/controllers/default.py: 2
[2018-10-08 17:33:16] EDIT tcc_v1/controllers/default.py: 0
[2018-10-08 17:34:04] EDIT tcc_v1/controllers/default.py: 0
[2018-10-08 17:34:28] EDIT tcc_v1/controllers/default.py: 0
[2018-10-08 17:37:42] EDIT tcc_v1/controllers/default.py: 1
[2018-10-08 17:38:52] EDIT tcc_v1/controllers/default.py: 1
[2018-10-08 17:39:51] EDIT tcc_v1/controllers/default.py: -2
[2018-10-08 17:42:55] EDIT tcc_v1/controllers/default.py: 0
[2018-10-08 17:43:33] EDIT tcc_v1/controllers/default.py: 0
[2018-10-08 17:49:00] EDIT tcc_v1/controllers/default.py: 1
[2018-10-08 17:50:09] EDIT tcc_v1/controllers/default.py: 0
[2018-10-08 17:51:43] EDIT tcc_v1/controllers/default.py: 1
[2018-10-08 17:52:53] EDIT tcc_v1/controllers/default.py: 0
[2018-10-08 17:53:06] EDIT tcc_v1/controllers/default.py: 0
[2018-10-08 17:54:42] EDIT tcc_v1/controllers/default.py: 0
[2018-10-08 17:54:46] EDIT tcc_v1/controllers/default.py: 0
[2018-10-08 17:57:02] EDIT tcc_v1/controllers/default.py: 0
[2018-10-08 17:59:03] EDIT tcc_v1/controllers/default.py: 1
[2018-10-08 17:59:07] EDIT tcc_v1/controllers/default.py: 0
[2018-10-08 18:01:02] EDIT tcc_v1/controllers/default.py: 0
[2018-10-08 18:08:21] EDIT tcc_v1/controllers/default.py: 0
[2018-10-08 18:09:04] EDIT tcc_v1/controllers/default.py: 0
[2018-10-08 18:09:41] EDIT tcc_v1/controllers/default.py: 0
[2018-10-08 18:10:45] EDIT tcc_v1/controllers/default.py: 0
[2018-11-12 19:34:59] EDIT tcc_v1/controllers/default.py: 0
[2018-11-12 19:35:32] EDIT tcc_v1/controllers/default.py: 0
[2018-11-12 19:36:02] EDIT tcc_v1/controllers/default.py: 0
[2018-11-12 19:36:47] EDIT tcc_v1/controllers/default.py: 9
[2018-11-12 19:37:51] EDIT tcc_v1/controllers/default.py: 0
[2018-11-12 19:38:57] EDIT tcc_v1/controllers/default.py: 0
[2018-11-12 19:39:43] EDIT tcc_v1/controllers/default.py: 0
[2018-11-12 19:42:57] EDIT tcc_v1/controllers/default.py: 0
[2018-11-12 22:37:16] EDIT tcc_v1/controllers/default.py: 0
[2019-02-05 17:23:54] EDIT tcc_v1/controllers/cadastros.py: -1
[2019-02-05 17:28:40] EDIT tcc_v1/views/registros/registro_de_salas.html: 0
[2019-02-05 17:29:47] EDIT tcc_v1/views/registros/registro_de_salas.html: 0
[2019-02-05 17:30:11] EDIT tcc_v1/controllers/registros.py: 1
[2019-02-05 17:31:29] EDIT tcc_v1/controllers/registros.py: 0
[2019-02-05 17:32:37] EDIT tcc_v1/controllers/registros.py: -1
[2019-02-05 17:32:43] EDIT tcc_v1/controllers/registros.py: 0
[2019-03-17 14:32:29] EDIT tcc_v1/private/appconfig.ini: 0
